[MazeGen] Attempt 1/30 PASS — obstacles=0/0  seed=0
[MazeGen] Attempt 1/30 PASS — obstacles=0/0  seed=42
[MazeGen] Attempt 1/30 PASS — obstacles=0/0  seed=99
[MazeGen] Attempt 1/30 PASS — obstacles=0/0  seed=7
====================================================================
  Centralized DQN — upper bound
  Seeds: [0, 42, 99]   Held-out: seed 7
  Cycles: 1500   (= 4500 total episodes)
  Device: cuda
====================================================================
  obs_shape=(5, 40, 40)

 Cycle  s0avg  s42avg  s99avg  EvalReturn  HeldSR  AvgLen
---------------------------------------------------------
    50  -1.46  -1.96  -1.63
   100  -0.48  -1.41  -0.73
   150  +0.26  -1.12  -0.12
   150  +0.26  -1.12  -0.12      -1.978     0%   200.0
   200  +0.51  -0.51  +0.26
   250  +0.51  +0.15  +0.56
   300  +1.25  +0.24  +0.42
   300  +1.25  +0.24  +0.42      -1.670     0%   200.0
   350  +2.22  +0.92  +0.31
   400  +2.00  +1.31  +0.80
   450  +2.31  +2.34  +1.10
   450  +2.31  +2.34  +1.10      -2.320     0%   200.0
   500  +2.58  +3.26  +2.49
   550  +3.52  +4.62  +2.89
   600  +3.76  +4.55  +3.74
   600  +3.76  +4.55  +3.74      -1.748     0%   200.0
   650  +3.59  +3.13  +5.14
   700  +5.74  +5.09  +4.99
   750  +6.05  +5.15  +4.29
   750  +6.05  +5.15  +4.29      -2.070     0%   200.0
   800  +5.03  +4.20  +4.67
   850  +5.52  +4.91  +4.54
   900  +5.62  +5.70  +4.75
   900  +5.62  +5.70  +4.75      -2.040     0%   200.0
   950  +6.37  +4.74  +5.75
  1000  +6.07  +5.37  +4.70
  1050  +5.34  +4.59  +5.21
  1050  +5.34  +4.59  +5.21      -1.778     0%   200.0
  1100  +5.63  +5.29  +4.89
  1150  +5.46  +5.02  +5.34
  1200  +6.18  +6.17  +5.41
  1200  +6.18  +6.17  +5.41      -1.800     0%   200.0
  1250  +6.32  +5.99  +4.58
  1300  +6.04  +5.71  +4.92
  1350  +5.09  +5.18  +5.20
  1350  +5.09  +5.18  +5.20      -1.615     0%   200.0
  1400  +5.59  +6.05  +4.73
  1450  +5.52  +5.11  +4.68
  1500  +4.86  +5.64  +4.00
  1500  +4.86  +5.64  +4.00      -1.615     0%   200.0

====================================================================
SUMMARY — Centralized DQN (upper bound)
====================================================================
seeds=[0, 42, 99]  held_out=7
cycles=1500  total_eps=4500

Eval history on held-out seed=7:
  cycle= 150  mean_return=-1.978  success=0%  avg_len=200.0  [                    ]
  cycle= 300  mean_return=-1.670  success=0%  avg_len=200.0  [                    ]
  cycle= 450  mean_return=-2.320  success=0%  avg_len=200.0  [                    ]
  cycle= 600  mean_return=-1.748  success=0%  avg_len=200.0  [                    ]
  cycle= 750  mean_return=-2.070  success=0%  avg_len=200.0  [                    ]
  cycle= 900  mean_return=-2.040  success=0%  avg_len=200.0  [                    ]
  cycle=1050  mean_return=-1.778  success=0%  avg_len=200.0  [                    ]
  cycle=1200  mean_return=-1.800  success=0%  avg_len=200.0  [                    ]
  cycle=1350  mean_return=-1.615  success=0%  avg_len=200.0  [                    ]
  cycle=1500  mean_return=-1.615  success=0%  avg_len=200.0  [                    ]

Final 50-ep eval:  mean_return=-1.626  ±0.025  success_rate=0%  avg_ep_len=200.0

Summary saved to checkpoints/summary_centralized.txt
